#
# There is insufficient memory for the Java Runtime Environment to continue.
# Native memory allocation (malloc) failed to allocate 32744 bytes for ChunkPool::allocate
# Possible reasons:
#   The system is out of physical RAM or swap space
#   The process is running with CompressedOops enabled, and the Java Heap may be blocking the growth of the native heap
# Possible solutions:
#   Reduce memory load on the system
#   Increase physical memory or swap space
#   Check if swap backing store is full
#   Decrease Java heap size (-Xmx/-Xms)
#   Decrease number of Java threads
#   Decrease Java thread stack sizes (-Xss)
#   Set larger code cache with -XX:ReservedCodeCacheSize=
#   JVM is running with Unscaled Compressed Oops mode in which the Java heap is
#     placed in the first 4GB address space. The Java Heap base address is the
#     maximum limit for the native heap growth. Please use -XX:HeapBaseMinAddress
#     to set the Java Heap base and to place the Java Heap above 4GB virtual address.
# This output file may be truncated or incomplete.
#
#  Out of Memory Error (./open/src/hotspot/share/memory/arena.cpp:79), pid=7572, tid=5152
#
# JRE version: OpenJDK Runtime Environment (15.0.2+7) (build 15.0.2+7-27)
# Java VM: OpenJDK 64-Bit Server VM (15.0.2+7-27, mixed mode, tiered, compressed oops, g1 gc, windows-amd64)
# No core dump will be written. Minidumps are not enabled by default on client versions of Windows
#

---------------  S U M M A R Y ------------

Command Line: -Dfile.encoding=Cp1252 -XX:+ShowCodeDetailsInExceptionMessages hust.soict.cttn.aims.Aims

Host: Intel(R) Core(TM) i7-8565U CPU @ 1.80GHz, 8 cores, 7G,  Windows 10 , 64 bit Build 19041 (10.0.19041.928)
Time: Mon May 17 16:43:40 2021 SE Asia Standard Time elapsed time: 26540.347593 seconds (0d 7h 22m 20s)

---------------  T H R E A D  ---------------

Current thread (0x00000280a93f65b0):  JavaThread "C2 CompilerThread0" daemon [_thread_in_native, id=5152, stack(0x00000090e2c00000,0x00000090e2d00000)]


Current CompileTask:
C2:26540348 2641       4       sun.awt.image.VolatileSurfaceManager::displayChanged (102 bytes)

Stack: [0x00000090e2c00000,0x00000090e2d00000]
Native frames: (J=compiled Java code, j=interpreted, Vv=VM code, C=native code)
V  [jvm.dll+0x62ae9a]
V  [jvm.dll+0x7817a9]
V  [jvm.dll+0x782f03]
V  [jvm.dll+0x783563]
V  [jvm.dll+0x216325]
V  [jvm.dll+0x982cf]
V  [jvm.dll+0x980ad]
V  [jvm.dll+0x609d14]
V  [jvm.dll+0x6552ca]
V  [jvm.dll+0x18e47d]
V  [jvm.dll+0x1ea822]
V  [jvm.dll+0x1e996e]
V  [jvm.dll+0x178567]
V  [jvm.dll+0x1f9225]
V  [jvm.dll+0x1f72cc]
V  [jvm.dll+0x74495d]
V  [jvm.dll+0x73d75a]
V  [jvm.dll+0x629c56]
C  [ucrtbase.dll+0x21bb2]
C  [KERNEL32.DLL+0x17034]
C  [ntdll.dll+0x52651]


---------------  P R O C E S S  ---------------

Threads class SMR info:
_java_thread_list=0x00000280ac98ca20, length=16, elements={
0x00000280a8ba2050, 0x00000280a8ba5180, 0x00000280a93bbf10, 0x00000280a93ee7b0,
0x00000280a93f1c20, 0x00000280a93f65b0, 0x00000280a93f7840, 0x00000280a940b2a0,
0x00000280a9564000, 0x00000280a9591f20, 0x00000280a97ae8d0, 0x00000280a9b88870,
0x00000280a9b5f5a0, 0x00000280a9ca62e0, 0x00000280acd4b580, 0x000002808e8bf5b0
}

Java Threads: ( => current thread )
  0x00000280a8ba2050 JavaThread "Reference Handler" daemon [_thread_blocked, id=20428, stack(0x00000090e2700000,0x00000090e2800000)]
  0x00000280a8ba5180 JavaThread "Finalizer" daemon [_thread_blocked, id=17816, stack(0x00000090e2800000,0x00000090e2900000)]
  0x00000280a93bbf10 JavaThread "Signal Dispatcher" daemon [_thread_blocked, id=13396, stack(0x00000090e2900000,0x00000090e2a00000)]
  0x00000280a93ee7b0 JavaThread "Attach Listener" daemon [_thread_blocked, id=21356, stack(0x00000090e2a00000,0x00000090e2b00000)]
  0x00000280a93f1c20 JavaThread "Service Thread" daemon [_thread_blocked, id=2284, stack(0x00000090e2b00000,0x00000090e2c00000)]
=>0x00000280a93f65b0 JavaThread "C2 CompilerThread0" daemon [_thread_in_native, id=5152, stack(0x00000090e2c00000,0x00000090e2d00000)]
  0x00000280a93f7840 JavaThread "C1 CompilerThread0" daemon [_thread_blocked, id=22556, stack(0x00000090e2d00000,0x00000090e2e00000)]
  0x00000280a940b2a0 JavaThread "Sweeper thread" daemon [_thread_blocked, id=20528, stack(0x00000090e2e00000,0x00000090e2f00000)]
  0x00000280a9564000 JavaThread "Notification Thread" daemon [_thread_blocked, id=14508, stack(0x00000090e2f00000,0x00000090e3000000)]
  0x00000280a9591f20 JavaThread "Common-Cleaner" daemon [_thread_blocked, id=12484, stack(0x00000090e3100000,0x00000090e3200000)]
  0x00000280a97ae8d0 JavaThread "Java2D Disposer" daemon [_thread_blocked, id=6056, stack(0x00000090e3200000,0x00000090e3300000)]
  0x00000280a9b88870 JavaThread "AWT-Shutdown" [_thread_blocked, id=13664, stack(0x00000090e3300000,0x00000090e3400000)]
  0x00000280a9b5f5a0 JavaThread "AWT-Windows" daemon [_thread_in_native, id=12552, stack(0x00000090e3400000,0x00000090e3500000)]
  0x00000280a9ca62e0 JavaThread "AWT-EventQueue-0" [_thread_blocked, id=18456, stack(0x00000090e3a00000,0x00000090e3b00000)]
  0x00000280acd4b580 JavaThread "TimerQueue" daemon [_thread_blocked, id=984, stack(0x00000090e3e00000,0x00000090e3f00000)]
  0x000002808e8bf5b0 JavaThread "DestroyJavaVM" [_thread_blocked, id=13668, stack(0x00000090e2000000,0x00000090e2100000)]

Other Threads:
  0x00000280a8b88c90 VMThread "VM Thread" [stack: 0x00000090e2600000,0x00000090e2700000] [id=17956]
  0x00000280a95939d0 WatcherThread [stack: 0x00000090e3000000,0x00000090e3100000] [id=12632]
  0x000002808e900850 GCTaskThread "GC Thread#0" [stack: 0x00000090e2100000,0x00000090e2200000] [id=3828]
  0x00000280a9e66db0 GCTaskThread "GC Thread#1" [stack: 0x00000090e3700000,0x00000090e3800000] [id=7916]
  0x00000280a9e66a80 GCTaskThread "GC Thread#2" [stack: 0x00000090e3800000,0x00000090e3900000] [id=4564]
  0x00000280a9e69a50 GCTaskThread "GC Thread#3" [stack: 0x00000090e3900000,0x00000090e3a00000] [id=15228]
  0x00000280a9e68730 GCTaskThread "GC Thread#4" [stack: 0x00000090e3f00000,0x00000090e4000000] [id=9728]
  0x00000280a9e67410 GCTaskThread "GC Thread#5" [stack: 0x00000090e4000000,0x00000090e4100000] [id=5624]
  0x000002808e912e10 ConcurrentGCThread "G1 Main Marker" [stack: 0x00000090e2200000,0x00000090e2300000] [id=16220]
  0x000002808e914a10 ConcurrentGCThread "G1 Conc#0" [stack: 0x00000090e2300000,0x00000090e2400000] [id=3580]
  0x00000280a9e67740 ConcurrentGCThread "G1 Conc#1" [stack: 0x00000090e3600000,0x00000090e3700000] [id=8004]
  0x00000280a89c0090 ConcurrentGCThread "G1 Refine#0" [stack: 0x00000090e2400000,0x00000090e2500000] [id=18260]
  0x00000280a89c0ba0 ConcurrentGCThread "G1 Young RemSet Sampling" [stack: 0x00000090e2500000,0x00000090e2600000] [id=11836]

Threads with active compile tasks:
C2 CompilerThread0  26540390 2641       4       sun.awt.image.VolatileSurfaceManager::displayChanged (102 bytes)

VM state: not at safepoint (normal execution)

VM Mutex/Monitor currently owned by a thread: None

Heap address: 0x0000000081e00000, size: 2018 MB, Compressed Oops mode: 32-bit
CDS disabled.
Compressed class space mapped at: 0x0000000100000000-0x0000000140000000, size: 1073741824
Narrow klass base: 0x0000000000000000, Narrow klass shift: 3, Narrow klass range: 0x140000000

GC Precious Log:
 CPUs: 8 total, 8 available
 Memory: 8068M
 Large Page Support: Disabled
 NUMA Support: Disabled
 Compressed Oops: Enabled (32-bit)
 Heap Region Size: 1M
 Heap Min Capacity: 8M
 Heap Initial Capacity: 128M
 Heap Max Capacity: 2018M
 Pre-touch: Disabled
 Parallel Workers: 8
 Concurrent Workers: 2
 Concurrent Refinement Workers: 8
 Periodic GC: Disabled

Heap:
 garbage-first heap   total 131072K, used 103968K [0x0000000081e00000, 0x0000000100000000)
  region size 1024K, 41 young (41984K), 4 survivors (4096K)
 Metaspace       used 19528K, capacity 19750K, committed 19968K, reserved 1067008K
  class space    used 1905K, capacity 1965K, committed 2048K, reserved 1048576K

Heap Regions: E=young(eden), S=young(survivor), O=old, HS=humongous(starts), HC=humongous(continues), CS=collection set, F=free, OA=open archive, CA=closed archive, TAMS=top-at-mark-start (previous, next)
|   0|0x0000000081e00000, 0x0000000081f00000, 0x0000000081f00000|100%|HS|  |TAMS 0x0000000081f00000, 0x0000000081e00000| Complete 
|   1|0x0000000081f00000, 0x0000000082000000, 0x0000000082000000|100%|HC|  |TAMS 0x0000000082000000, 0x0000000081f00000| Complete 
|   2|0x0000000082000000, 0x0000000082100000, 0x0000000082100000|100%|HC|  |TAMS 0x0000000082100000, 0x0000000082000000| Complete 
|   3|0x0000000082100000, 0x0000000082200000, 0x0000000082200000|100%| O|  |TAMS 0x0000000082200000, 0x0000000082100000| Untracked 
|   4|0x0000000082200000, 0x0000000082300000, 0x0000000082300000|100%|HS|  |TAMS 0x0000000082300000, 0x0000000082200000| Complete 
|   5|0x0000000082300000, 0x0000000082400000, 0x0000000082400000|100%|HC|  |TAMS 0x0000000082400000, 0x0000000082300000| Complete 
|   6|0x0000000082400000, 0x0000000082500000, 0x0000000082500000|100%|HS|  |TAMS 0x0000000082500000, 0x0000000082400000| Complete 
|   7|0x0000000082500000, 0x0000000082600000, 0x0000000082600000|100%|HC|  |TAMS 0x0000000082600000, 0x0000000082500000| Complete 
|   8|0x0000000082600000, 0x0000000082700000, 0x0000000082700000|100%|HC|  |TAMS 0x0000000082700000, 0x0000000082600000| Complete 
|   9|0x0000000082700000, 0x0000000082800000, 0x0000000082800000|100%| O|  |TAMS 0x0000000082800000, 0x0000000082700000| Untracked 
|  10|0x0000000082800000, 0x0000000082900000, 0x0000000082900000|100%| O|  |TAMS 0x0000000082900000, 0x0000000082800000| Untracked 
|  11|0x0000000082900000, 0x0000000082a00000, 0x0000000082a00000|100%|HS|  |TAMS 0x0000000082a00000, 0x0000000082900000| Complete 
|  12|0x0000000082a00000, 0x0000000082b00000, 0x0000000082b00000|100%|HC|  |TAMS 0x0000000082b00000, 0x0000000082a00000| Complete 
|  13|0x0000000082b00000, 0x0000000082c00000, 0x0000000082c00000|100%|HS|  |TAMS 0x0000000082c00000, 0x0000000082b00000| Complete 
|  14|0x0000000082c00000, 0x0000000082d00000, 0x0000000082d00000|100%|HC|  |TAMS 0x0000000082d00000, 0x0000000082c00000| Complete 
|  15|0x0000000082d00000, 0x0000000082e00000, 0x0000000082e00000|100%|HC|  |TAMS 0x0000000082e00000, 0x0000000082d00000| Complete 
|  16|0x0000000082e00000, 0x0000000082f00000, 0x0000000082f00000|100%|HC|  |TAMS 0x0000000082f00000, 0x0000000082e00000| Complete 
|  17|0x0000000082f00000, 0x0000000083000000, 0x0000000083000000|100%|HC|  |TAMS 0x0000000083000000, 0x0000000082f00000| Complete 
|  18|0x0000000083000000, 0x0000000083100000, 0x0000000083100000|100%|HS|  |TAMS 0x0000000083100000, 0x0000000083000000| Complete 
|  19|0x0000000083100000, 0x0000000083200000, 0x0000000083200000|100%|HS|  |TAMS 0x0000000083200000, 0x0000000083100000| Complete 
|  20|0x0000000083200000, 0x0000000083300000, 0x0000000083300000|100%|HC|  |TAMS 0x0000000083300000, 0x0000000083200000| Complete 
|  21|0x0000000083300000, 0x0000000083400000, 0x0000000083400000|100%|HC|  |TAMS 0x0000000083400000, 0x0000000083300000| Complete 
|  22|0x0000000083400000, 0x0000000083500000, 0x0000000083500000|100%|HC|  |TAMS 0x0000000083500000, 0x0000000083400000| Complete 
|  23|0x0000000083500000, 0x0000000083600000, 0x0000000083600000|100%|HC|  |TAMS 0x0000000083600000, 0x0000000083500000| Complete 
|  24|0x0000000083600000, 0x0000000083700000, 0x0000000083700000|100%|HS|  |TAMS 0x0000000083700000, 0x0000000083600000| Complete 
|  25|0x0000000083700000, 0x0000000083800000, 0x0000000083800000|100%|HC|  |TAMS 0x0000000083800000, 0x0000000083700000| Complete 
|  26|0x0000000083800000, 0x0000000083900000, 0x0000000083900000|100%|HC|  |TAMS 0x0000000083900000, 0x0000000083800000| Complete 
|  27|0x0000000083900000, 0x0000000083a00000, 0x0000000083a00000|100%|HS|  |TAMS 0x0000000083a00000, 0x0000000083900000| Complete 
|  28|0x0000000083a00000, 0x0000000083b00000, 0x0000000083b00000|100%|HC|  |TAMS 0x0000000083b00000, 0x0000000083a00000| Complete 
|  29|0x0000000083b00000, 0x0000000083c00000, 0x0000000083c00000|100%|HS|  |TAMS 0x0000000083c00000, 0x0000000083b00000| Complete 
|  30|0x0000000083c00000, 0x0000000083d00000, 0x0000000083d00000|100%|HC|  |TAMS 0x0000000083d00000, 0x0000000083c00000| Complete 
|  31|0x0000000083d00000, 0x0000000083e00000, 0x0000000083e00000|100%|HC|  |TAMS 0x0000000083e00000, 0x0000000083d00000| Complete 
|  32|0x0000000083e00000, 0x0000000083f00000, 0x0000000083f00000|100%|HS|  |TAMS 0x0000000083f00000, 0x0000000083e00000| Complete 
|  33|0x0000000083f00000, 0x0000000084000000, 0x0000000084000000|100%|HC|  |TAMS 0x0000000084000000, 0x0000000083f00000| Complete 
|  34|0x0000000084000000, 0x0000000084100000, 0x0000000084100000|100%|HC|  |TAMS 0x0000000084100000, 0x0000000084000000| Complete 
|  35|0x0000000084100000, 0x0000000084200000, 0x0000000084200000|100%|HC|  |TAMS 0x0000000084200000, 0x0000000084100000| Complete 
|  36|0x0000000084200000, 0x0000000084300000, 0x0000000084300000|100%|HC|  |TAMS 0x0000000084300000, 0x0000000084200000| Complete 
|  37|0x0000000084300000, 0x0000000084400000, 0x0000000084400000|100%|HC|  |TAMS 0x0000000084400000, 0x0000000084300000| Complete 
|  38|0x0000000084400000, 0x0000000084500000, 0x0000000084500000|100%|HC|  |TAMS 0x0000000084500000, 0x0000000084400000| Complete 
|  39|0x0000000084500000, 0x0000000084600000, 0x0000000084600000|100%|HC|  |TAMS 0x0000000084600000, 0x0000000084500000| Complete 
|  40|0x0000000084600000, 0x0000000084700000, 0x0000000084700000|100%| O|  |TAMS 0x0000000084700000, 0x0000000084600000| Untracked 
|  41|0x0000000084700000, 0x0000000084800000, 0x0000000084800000|100%| O|  |TAMS 0x0000000084800000, 0x0000000084700000| Untracked 
|  42|0x0000000084800000, 0x0000000084837800, 0x0000000084900000| 21%| O|  |TAMS 0x0000000084837800, 0x0000000084800000| Untracked 
|  43|0x0000000084900000, 0x0000000084a00000, 0x0000000084a00000|100%|HS|  |TAMS 0x0000000084a00000, 0x0000000084900000| Complete 
|  44|0x0000000084a00000, 0x0000000084b00000, 0x0000000084b00000|100%|HC|  |TAMS 0x0000000084b00000, 0x0000000084a00000| Complete 
|  45|0x0000000084b00000, 0x0000000084c00000, 0x0000000084c00000|100%|HC|  |TAMS 0x0000000084c00000, 0x0000000084b00000| Complete 
|  46|0x0000000084c00000, 0x0000000084d00000, 0x0000000084d00000|100%|HS|  |TAMS 0x0000000084d00000, 0x0000000084c00000| Complete 
|  47|0x0000000084d00000, 0x0000000084e00000, 0x0000000084e00000|100%|HS|  |TAMS 0x0000000084e00000, 0x0000000084d00000| Complete 
|  48|0x0000000084e00000, 0x0000000084f00000, 0x0000000084f00000|100%|HC|  |TAMS 0x0000000084f00000, 0x0000000084e00000| Complete 
|  49|0x0000000084f00000, 0x0000000085000000, 0x0000000085000000|100%|HC|  |TAMS 0x0000000085000000, 0x0000000084f00000| Complete 
|  50|0x0000000085000000, 0x0000000085100000, 0x0000000085100000|100%|HS|  |TAMS 0x0000000085100000, 0x0000000085000000| Complete 
|  51|0x0000000085100000, 0x0000000085200000, 0x0000000085200000|100%|HS|  |TAMS 0x0000000085200000, 0x0000000085100000| Complete 
|  52|0x0000000085200000, 0x0000000085300000, 0x0000000085300000|100%|HC|  |TAMS 0x0000000085300000, 0x0000000085200000| Complete 
|  53|0x0000000085300000, 0x0000000085400000, 0x0000000085400000|100%|HC|  |TAMS 0x0000000085400000, 0x0000000085300000| Complete 
|  54|0x0000000085400000, 0x0000000085500000, 0x0000000085500000|100%|HS|  |TAMS 0x0000000085500000, 0x0000000085400000| Complete 
|  55|0x0000000085500000, 0x0000000085600000, 0x0000000085600000|100%|HC|  |TAMS 0x0000000085600000, 0x0000000085500000| Complete 
|  56|0x0000000085600000, 0x0000000085700000, 0x0000000085700000|100%|HS|  |TAMS 0x0000000085600000, 0x0000000085600000| Complete 
|  57|0x0000000085700000, 0x0000000085800000, 0x0000000085800000|100%|HC|  |TAMS 0x0000000085700000, 0x0000000085700000| Complete 
|  58|0x0000000085800000, 0x0000000085900000, 0x0000000085900000|100%|HC|  |TAMS 0x0000000085800000, 0x0000000085800000| Complete 
|  59|0x0000000085900000, 0x0000000085a00000, 0x0000000085a00000|100%|HC|  |TAMS 0x0000000085900000, 0x0000000085900000| Complete 
|  60|0x0000000085a00000, 0x0000000085b00000, 0x0000000085b00000|100%|HC|  |TAMS 0x0000000085a00000, 0x0000000085a00000| Complete 
|  61|0x0000000085b00000, 0x0000000085c00000, 0x0000000085c00000|100%|HC|  |TAMS 0x0000000085b00000, 0x0000000085b00000| Complete 
|  62|0x0000000085c00000, 0x0000000085d00000, 0x0000000085d00000|100%|HC|  |TAMS 0x0000000085c00000, 0x0000000085c00000| Complete 
|  63|0x0000000085d00000, 0x0000000085e00000, 0x0000000085e00000|100%|HC|  |TAMS 0x0000000085d00000, 0x0000000085d00000| Complete 
|  64|0x0000000085e00000, 0x0000000085e00000, 0x0000000085f00000|  0%| F|  |TAMS 0x0000000085e00000, 0x0000000085e00000| Untracked 
|  65|0x0000000085f00000, 0x0000000085f00000, 0x0000000086000000|  0%| F|  |TAMS 0x0000000085f00000, 0x0000000085f00000| Untracked 
|  66|0x0000000086000000, 0x0000000086000000, 0x0000000086100000|  0%| F|  |TAMS 0x0000000086000000, 0x0000000086000000| Untracked 
|  67|0x0000000086100000, 0x0000000086100000, 0x0000000086200000|  0%| F|  |TAMS 0x0000000086100000, 0x0000000086100000| Untracked 
|  68|0x0000000086200000, 0x0000000086200000, 0x0000000086300000|  0%| F|  |TAMS 0x0000000086200000, 0x0000000086200000| Untracked 
|  69|0x0000000086300000, 0x0000000086300000, 0x0000000086400000|  0%| F|  |TAMS 0x0000000086300000, 0x0000000086300000| Untracked 
|  70|0x0000000086400000, 0x0000000086400000, 0x0000000086500000|  0%| F|  |TAMS 0x0000000086400000, 0x0000000086400000| Untracked 
|  71|0x0000000086500000, 0x0000000086500000, 0x0000000086600000|  0%| F|  |TAMS 0x0000000086500000, 0x0000000086500000| Untracked 
|  72|0x0000000086600000, 0x0000000086600000, 0x0000000086700000|  0%| F|  |TAMS 0x0000000086600000, 0x0000000086600000| Untracked 
|  73|0x0000000086700000, 0x0000000086700000, 0x0000000086800000|  0%| F|  |TAMS 0x0000000086700000, 0x0000000086700000| Untracked 
|  74|0x0000000086800000, 0x0000000086800000, 0x0000000086900000|  0%| F|  |TAMS 0x0000000086800000, 0x0000000086800000| Untracked 
|  75|0x0000000086900000, 0x0000000086900000, 0x0000000086a00000|  0%| F|  |TAMS 0x0000000086900000, 0x0000000086900000| Untracked 
|  76|0x0000000086a00000, 0x0000000086a00000, 0x0000000086b00000|  0%| F|  |TAMS 0x0000000086a00000, 0x0000000086a00000| Untracked 
|  77|0x0000000086b00000, 0x0000000086b00000, 0x0000000086c00000|  0%| F|  |TAMS 0x0000000086b00000, 0x0000000086b00000| Untracked 
|  78|0x0000000086c00000, 0x0000000086c00000, 0x0000000086d00000|  0%| F|  |TAMS 0x0000000086c00000, 0x0000000086c00000| Untracked 
|  79|0x0000000086d00000, 0x0000000086d00000, 0x0000000086e00000|  0%| F|  |TAMS 0x0000000086d00000, 0x0000000086d00000| Untracked 
|  80|0x0000000086e00000, 0x0000000086e00000, 0x0000000086f00000|  0%| F|  |TAMS 0x0000000086e00000, 0x0000000086e00000| Untracked 
|  81|0x0000000086f00000, 0x0000000086f00000, 0x0000000087000000|  0%| F|  |TAMS 0x0000000086f00000, 0x0000000086f00000| Untracked 
|  82|0x0000000087000000, 0x0000000087000000, 0x0000000087100000|  0%| F|  |TAMS 0x0000000087000000, 0x0000000087000000| Untracked 
|  83|0x0000000087100000, 0x0000000087100000, 0x0000000087200000|  0%| F|  |TAMS 0x0000000087100000, 0x0000000087100000| Untracked 
|  84|0x0000000087200000, 0x0000000087200000, 0x0000000087300000|  0%| F|  |TAMS 0x0000000087200000, 0x0000000087200000| Untracked 
|  85|0x0000000087300000, 0x0000000087300000, 0x0000000087400000|  0%| F|  |TAMS 0x0000000087300000, 0x0000000087300000| Untracked 
|  86|0x0000000087400000, 0x0000000087400000, 0x0000000087500000|  0%| F|  |TAMS 0x0000000087400000, 0x0000000087400000| Untracked 
|  87|0x0000000087500000, 0x00000000875bec08, 0x0000000087600000| 74%| E|  |TAMS 0x0000000087500000, 0x0000000087500000| Complete 
|  88|0x0000000087600000, 0x0000000087700000, 0x0000000087700000|100%| E|CS|TAMS 0x0000000087600000, 0x0000000087600000| Complete 
|  89|0x0000000087700000, 0x0000000087800000, 0x0000000087800000|100%| E|CS|TAMS 0x0000000087700000, 0x0000000087700000| Complete 
|  90|0x0000000087800000, 0x0000000087900000, 0x0000000087900000|100%| E|CS|TAMS 0x0000000087800000, 0x0000000087800000| Complete 
|  91|0x0000000087900000, 0x0000000087a00000, 0x0000000087a00000|100%| E|CS|TAMS 0x0000000087900000, 0x0000000087900000| Complete 
|  92|0x0000000087a00000, 0x0000000087b00000, 0x0000000087b00000|100%| E|CS|TAMS 0x0000000087a00000, 0x0000000087a00000| Complete 
|  93|0x0000000087b00000, 0x0000000087c00000, 0x0000000087c00000|100%| E|CS|TAMS 0x0000000087b00000, 0x0000000087b00000| Complete 
|  94|0x0000000087c00000, 0x0000000087d00000, 0x0000000087d00000|100%| E|CS|TAMS 0x0000000087c00000, 0x0000000087c00000| Complete 
|  95|0x0000000087d00000, 0x0000000087e00000, 0x0000000087e00000|100%| E|  |TAMS 0x0000000087d00000, 0x0000000087d00000| Complete 
|  96|0x0000000087e00000, 0x0000000087e50940, 0x0000000087f00000| 31%| S|CS|TAMS 0x0000000087e00000, 0x0000000087e00000| Complete 
|  97|0x0000000087f00000, 0x0000000088000000, 0x0000000088000000|100%| S|CS|TAMS 0x0000000087f00000, 0x0000000087f00000| Complete 
|  98|0x0000000088000000, 0x0000000088100000, 0x0000000088100000|100%| S|CS|TAMS 0x0000000088000000, 0x0000000088000000| Complete 
|  99|0x0000000088100000, 0x0000000088200000, 0x0000000088200000|100%| S|CS|TAMS 0x0000000088100000, 0x0000000088100000| Complete 
| 100|0x0000000088200000, 0x0000000088300000, 0x0000000088300000|100%| E|CS|TAMS 0x0000000088200000, 0x0000000088200000| Complete 
| 101|0x0000000088300000, 0x0000000088400000, 0x0000000088400000|100%| E|CS|TAMS 0x0000000088300000, 0x0000000088300000| Complete 
| 102|0x0000000088400000, 0x0000000088500000, 0x0000000088500000|100%| E|CS|TAMS 0x0000000088400000, 0x0000000088400000| Complete 
| 103|0x0000000088500000, 0x0000000088600000, 0x0000000088600000|100%| E|CS|TAMS 0x0000000088500000, 0x0000000088500000| Complete 
| 104|0x0000000088600000, 0x0000000088700000, 0x0000000088700000|100%| E|CS|TAMS 0x0000000088600000, 0x0000000088600000| Complete 
| 105|0x0000000088700000, 0x0000000088800000, 0x0000000088800000|100%| E|CS|TAMS 0x0000000088700000, 0x0000000088700000| Complete 
| 106|0x0000000088800000, 0x0000000088900000, 0x0000000088900000|100%| E|CS|TAMS 0x0000000088800000, 0x0000000088800000| Complete 
| 107|0x0000000088900000, 0x0000000088a00000, 0x0000000088a00000|100%| E|CS|TAMS 0x0000000088900000, 0x0000000088900000| Complete 
| 108|0x0000000088a00000, 0x0000000088b00000, 0x0000000088b00000|100%| E|CS|TAMS 0x0000000088a00000, 0x0000000088a00000| Complete 
| 109|0x0000000088b00000, 0x0000000088c00000, 0x0000000088c00000|100%| E|CS|TAMS 0x0000000088b00000, 0x0000000088b00000| Complete 
| 110|0x0000000088c00000, 0x0000000088d00000, 0x0000000088d00000|100%| E|CS|TAMS 0x0000000088c00000, 0x0000000088c00000| Complete 
| 111|0x0000000088d00000, 0x0000000088e00000, 0x0000000088e00000|100%| E|CS|TAMS 0x0000000088d00000, 0x0000000088d00000| Complete 
| 112|0x0000000088e00000, 0x0000000088f00000, 0x0000000088f00000|100%| E|CS|TAMS 0x0000000088e00000, 0x0000000088e00000| Complete 
| 113|0x0000000088f00000, 0x0000000089000000, 0x0000000089000000|100%| E|CS|TAMS 0x0000000088f00000, 0x0000000088f00000| Complete 
| 114|0x0000000089000000, 0x0000000089100000, 0x0000000089100000|100%| E|CS|TAMS 0x0000000089000000, 0x0000000089000000| Complete 
| 115|0x0000000089100000, 0x0000000089200000, 0x0000000089200000|100%| E|CS|TAMS 0x0000000089100000, 0x0000000089100000| Complete 
| 116|0x0000000089200000, 0x0000000089300000, 0x0000000089300000|100%| E|CS|TAMS 0x0000000089200000, 0x0000000089200000| Complete 
| 117|0x0000000089300000, 0x0000000089400000, 0x0000000089400000|100%| E|CS|TAMS 0x0000000089300000, 0x0000000089300000| Complete 
| 118|0x0000000089400000, 0x0000000089500000, 0x0000000089500000|100%| E|CS|TAMS 0x0000000089400000, 0x0000000089400000| Complete 
| 119|0x0000000089500000, 0x0000000089600000, 0x0000000089600000|100%| E|CS|TAMS 0x0000000089500000, 0x0000000089500000| Complete 
| 120|0x0000000089600000, 0x0000000089700000, 0x0000000089700000|100%| E|CS|TAMS 0x0000000089600000, 0x0000000089600000| Complete 
| 121|0x0000000089700000, 0x0000000089800000, 0x0000000089800000|100%| E|CS|TAMS 0x0000000089700000, 0x0000000089700000| Complete 
| 122|0x0000000089800000, 0x0000000089900000, 0x0000000089900000|100%| E|CS|TAMS 0x0000000089800000, 0x0000000089800000| Complete 
| 123|0x0000000089900000, 0x0000000089a00000, 0x0000000089a00000|100%| E|CS|TAMS 0x0000000089900000, 0x0000000089900000| Complete 
| 124|0x0000000089a00000, 0x0000000089b00000, 0x0000000089b00000|100%| E|CS|TAMS 0x0000000089a00000, 0x0000000089a00000| Complete 
| 125|0x0000000089b00000, 0x0000000089c00000, 0x0000000089c00000|100%| E|CS|TAMS 0x0000000089b00000, 0x0000000089b00000| Complete 
| 126|0x0000000089c00000, 0x0000000089d00000, 0x0000000089d00000|100%| E|CS|TAMS 0x0000000089c00000, 0x0000000089c00000| Complete 
| 127|0x0000000089d00000, 0x0000000089e00000, 0x0000000089e00000|100%| E|CS|TAMS 0x0000000089d00000, 0x0000000089d00000| Complete 

Card table byte_map: [0x00000280a1a10000,0x00000280a1e10000] _byte_map_base: 0x00000280a1601000

Marking Bits (Prev, Next): (CMBitMap*) 0x000002808e901100, (CMBitMap*) 0x000002808e9010c0
 Prev Bits: [0x00000280a41a0000, 0x00000280a6128000)
 Next Bits: [0x00000280a2210000, 0x00000280a4198000)

Polling page: 0x000002808c850000

Metaspace:

Usage:
  Non-class:     17.37 MB capacity,    17.21 MB (>99%) used,   138.87 KB ( <1%) free+waste,    23.31 KB ( <1%) overhead. 
      Class:      1.92 MB capacity,     1.86 MB ( 97%) used,    52.12 KB (  3%) free+waste,     7.50 KB ( <1%) overhead. 
       Both:     19.29 MB capacity,    19.07 MB ( 99%) used,   190.98 KB ( <1%) free+waste,    30.81 KB ( <1%) overhead. 

Virtual space:
  Non-class space:       18.00 MB reserved,      17.50 MB ( 97%) committed 
      Class space:        1.00 GB reserved,       2.00 MB ( <1%) committed 
             Both:        1.02 GB reserved,      19.50 MB (  2%) committed 

Chunk freelists:
   Non-Class:  7.00 KB
       Class:  19.00 KB
        Both:  26.00 KB

MaxMetaspaceSize: 17179869184.00 GB
CompressedClassSpaceSize: 1.00 GB

CodeHeap 'non-profiled nmethods': size=120000Kb used=1272Kb max_used=1272Kb free=118727Kb
 bounds [0x0000028099db0000, 0x000002809a020000, 0x00000280a12e0000]
CodeHeap 'profiled nmethods': size=120000Kb used=4888Kb max_used=4888Kb free=115111Kb
 bounds [0x0000028092880000, 0x0000028092d50000, 0x0000028099db0000]
CodeHeap 'non-nmethods': size=5760Kb used=1319Kb max_used=1406Kb free=4441Kb
 bounds [0x00000280922e0000, 0x0000028092550000, 0x0000028092880000]
 total_blobs=3247 nmethods=2630 adapters=529
 compilation: enabled
              stopped_count=0, restarted_count=0
 full_count=0

Compilation events (20 events):
Event: 26262.743 Thread 0x00000280a93f7840 nmethod 2631 0x0000028092d43390 code [0x0000028092d43580, 0x0000028092d43a28]
Event: 26263.629 Thread 0x00000280a93f7840 2632       3       sun.awt.image.VolatileSurfaceManager::displayChanged (102 bytes)
Event: 26263.631 Thread 0x00000280a93f65b0 2634       4       sun.util.logging.PlatformLogger::isLoggable (23 bytes)
Event: 26263.653 Thread 0x00000280a93f65b0 nmethod 2634 0x0000028099eec810 code [0x0000028099eec9a0, 0x0000028099eeca88]
Event: 26263.666 Thread 0x00000280a93f7840 nmethod 2632 0x0000028092d43b90 code [0x0000028092d43dc0, 0x0000028092d44778]
Event: 26263.666 Thread 0x00000280a93f7840 2633       3       sun.awt.image.SunVolatileImage::updateGraphicsConfig (25 bytes)
Event: 26263.667 Thread 0x00000280a93f7840 nmethod 2633 0x0000028092d44a10 code [0x0000028092d44bc0, 0x0000028092d44e78]
Event: 26263.701 Thread 0x00000280a93f7840 2635       3       java.awt.Container::getListenersCount (52 bytes)
Event: 26263.704 Thread 0x00000280a93f7840 nmethod 2635 0x0000028092d44f90 code [0x0000028092d45160, 0x0000028092d45598]
Event: 26263.712 Thread 0x00000280a93f7840 2636       3       java.util.Arrays::fill (21 bytes)
Event: 26263.713 Thread 0x00000280a93f7840 nmethod 2636 0x0000028092d45710 code [0x0000028092d458a0, 0x0000028092d45a38]
Event: 26539.974 Thread 0x00000280a93f65b0 2638       4       java.util.HashMap$KeyIterator::next (8 bytes)
Event: 26539.976 Thread 0x00000280a93f7840 2637       3       java.util.AbstractCollection::addAll (42 bytes)
Event: 26539.980 Thread 0x00000280a93f7840 nmethod 2637 0x0000028092d45b10 code [0x0000028092d45d00, 0x0000028092d461f8]
Event: 26539.986 Thread 0x00000280a93f65b0 nmethod 2638 0x0000028099eecb90 code [0x0000028099eecd20, 0x0000028099eed178]
Event: 26540.189 Thread 0x00000280a93f65b0 2639       4       java.util.WeakHashMap$HashIterator::hasNext (95 bytes)
Event: 26540.200 Thread 0x00000280a93f65b0 nmethod 2639 0x0000028099eed310 code [0x0000028099eed4a0, 0x0000028099eed918]
Event: 26540.308 Thread 0x00000280a93f65b0 2640       4       java.util.WeakHashMap$KeyIterator::next (8 bytes)
Event: 26540.317 Thread 0x00000280a93f65b0 nmethod 2640 0x0000028099eeda90 code [0x0000028099eedc20, 0x0000028099eee078]
Event: 26540.330 Thread 0x00000280a93f65b0 2641       4       sun.awt.image.VolatileSurfaceManager::displayChanged (102 bytes)

GC Heap History (18 events):
Event: 0.556 GC heap before
{Heap before GC invocations=0 (full 0):
 garbage-first heap   total 131072K, used 25600K [0x0000000081e00000, 0x0000000100000000)
  region size 1024K, 23 young (23552K), 0 survivors (0K)
 Metaspace       used 14075K, capacity 14224K, committed 14336K, reserved 1062912K
  class space    used 1368K, capacity 1431K, committed 1536K, reserved 1048576K
}
Event: 0.560 GC heap after
{Heap after GC invocations=1 (full 0):
 garbage-first heap   total 131072K, used 6256K [0x0000000081e00000, 0x0000000100000000)
  region size 1024K, 3 young (3072K), 3 survivors (3072K)
 Metaspace       used 14075K, capacity 14224K, committed 14336K, reserved 1062912K
  class space    used 1368K, capacity 1431K, committed 1536K, reserved 1048576K
}
Event: 1.121 GC heap before
{Heap before GC invocations=1 (full 0):
 garbage-first heap   total 131072K, used 43120K [0x0000000081e00000, 0x0000000100000000)
  region size 1024K, 34 young (34816K), 3 survivors (3072K)
 Metaspace       used 17181K, capacity 17335K, committed 17408K, reserved 1064960K
  class space    used 1674K, capacity 1759K, committed 1792K, reserved 1048576K
}
Event: 1.126 GC heap after
{Heap after GC invocations=2 (full 0):
 garbage-first heap   total 131072K, used 13708K [0x0000000081e00000, 0x0000000100000000)
  region size 1024K, 3 young (3072K), 3 survivors (3072K)
 Metaspace       used 17181K, capacity 17335K, committed 17408K, reserved 1064960K
  class space    used 1674K, capacity 1759K, committed 1792K, reserved 1048576K
}
Event: 1.838 GC heap before
{Heap before GC invocations=2 (full 0):
 garbage-first heap   total 131072K, used 95628K [0x0000000081e00000, 0x0000000100000000)
  region size 1024K, 76 young (77824K), 3 survivors (3072K)
 Metaspace       used 17421K, capacity 17591K, committed 17664K, reserved 1064960K
  class space    used 1697K, capacity 1759K, committed 1792K, reserved 1048576K
}
Event: 1.841 GC heap after
{Heap after GC invocations=3 (full 0):
 garbage-first heap   total 131072K, used 21397K [0x0000000081e00000, 0x0000000100000000)
  region size 1024K, 3 young (3072K), 3 survivors (3072K)
 Metaspace       used 17421K, capacity 17591K, committed 17664K, reserved 1064960K
  class space    used 1697K, capacity 1759K, committed 1792K, reserved 1048576K
}
Event: 2.168 GC heap before
{Heap before GC invocations=3 (full 0):
 garbage-first heap   total 131072K, used 102293K [0x0000000081e00000, 0x0000000100000000)
  region size 1024K, 76 young (77824K), 3 survivors (3072K)
 Metaspace       used 18535K, capacity 18723K, committed 18944K, reserved 1067008K
  class space    used 1879K, capacity 1964K, committed 2048K, reserved 1048576K
}
Event: 2.170 GC heap after
{Heap after GC invocations=4 (full 0):
 garbage-first heap   total 131072K, used 28956K [0x0000000081e00000, 0x0000000100000000)
  region size 1024K, 5 young (5120K), 5 survivors (5120K)
 Metaspace       used 18535K, capacity 18723K, committed 18944K, reserved 1067008K
  class space    used 1879K, capacity 1964K, committed 2048K, reserved 1048576K
}
Event: 2.464 GC heap before
{Heap before GC invocations=4 (full 0):
 garbage-first heap   total 131072K, used 104732K [0x0000000081e00000, 0x0000000100000000)
  region size 1024K, 76 young (77824K), 5 survivors (5120K)
 Metaspace       used 18601K, capacity 18787K, committed 18944K, reserved 1067008K
  class space    used 1884K, capacity 1964K, committed 2048K, reserved 1048576K
}
Event: 2.467 GC heap after
{Heap after GC invocations=5 (full 0):
 garbage-first heap   total 131072K, used 33061K [0x0000000081e00000, 0x0000000100000000)
  region size 1024K, 6 young (6144K), 6 survivors (6144K)
 Metaspace       used 18601K, capacity 18787K, committed 18944K, reserved 1067008K
  class space    used 1884K, capacity 1964K, committed 2048K, reserved 1048576K
}
Event: 2.751 GC heap before
{Heap before GC invocations=5 (full 0):
 garbage-first heap   total 131072K, used 118053K [0x0000000081e00000, 0x0000000100000000)
  region size 1024K, 76 young (77824K), 6 survivors (6144K)
 Metaspace       used 18622K, capacity 18787K, committed 18944K, reserved 1067008K
  class space    used 1885K, capacity 1964K, committed 2048K, reserved 1048576K
}
Event: 2.754 GC heap after
{Heap after GC invocations=6 (full 0):
 garbage-first heap   total 131072K, used 47057K [0x0000000081e00000, 0x0000000100000000)
  region size 1024K, 6 young (6144K), 6 survivors (6144K)
 Metaspace       used 18622K, capacity 18787K, committed 18944K, reserved 1067008K
  class space    used 1885K, capacity 1964K, committed 2048K, reserved 1048576K
}
Event: 2.941 GC heap before
{Heap before GC invocations=6 (full 0):
 garbage-first heap   total 131072K, used 111569K [0x0000000081e00000, 0x0000000100000000)
  region size 1024K, 69 young (70656K), 6 survivors (6144K)
 Metaspace       used 18625K, capacity 18787K, committed 18944K, reserved 1067008K
  class space    used 1885K, capacity 1964K, committed 2048K, reserved 1048576K
}
Event: 2.944 GC heap after
{Heap after GC invocations=7 (full 0):
 garbage-first heap   total 131072K, used 46663K [0x0000000081e00000, 0x0000000100000000)
  region size 1024K, 4 young (4096K), 4 survivors (4096K)
 Metaspace       used 18625K, capacity 18787K, committed 18944K, reserved 1067008K
  class space    used 1885K, capacity 1964K, committed 2048K, reserved 1048576K
}
Event: 3.141 GC heap before
{Heap before GC invocations=7 (full 0):
 garbage-first heap   total 131072K, used 122439K [0x0000000081e00000, 0x0000000100000000)
  region size 1024K, 67 young (68608K), 4 survivors (4096K)
 Metaspace       used 18659K, capacity 18851K, committed 18944K, reserved 1067008K
  class space    used 1887K, capacity 1964K, committed 2048K, reserved 1048576K
}
Event: 3.142 GC heap after
{Heap after GC invocations=8 (full 0):
 garbage-first heap   total 131072K, used 58048K [0x0000000081e00000, 0x0000000100000000)
  region size 1024K, 4 young (4096K), 4 survivors (4096K)
 Metaspace       used 18659K, capacity 18851K, committed 18944K, reserved 1067008K
  class space    used 1887K, capacity 1964K, committed 2048K, reserved 1048576K
}
Event: 3.260 GC heap before
{Heap before GC invocations=8 (full 0):
 garbage-first heap   total 131072K, used 87744K [0x0000000081e00000, 0x0000000100000000)
  region size 1024K, 32 young (32768K), 4 survivors (4096K)
 Metaspace       used 18752K, capacity 18979K, committed 19200K, reserved 1067008K
  class space    used 1893K, capacity 1964K, committed 2048K, reserved 1048576K
}
Event: 3.261 GC heap after
{Heap after GC invocations=9 (full 0):
 garbage-first heap   total 131072K, used 59936K [0x0000000081e00000, 0x0000000100000000)
  region size 1024K, 4 young (4096K), 4 survivors (4096K)
 Metaspace       used 18752K, capacity 18979K, committed 19200K, reserved 1067008K
  class space    used 1893K, capacity 1964K, committed 2048K, reserved 1048576K
}

Deoptimization events (20 events):
Event: 3.203 Thread 0x000002808e8bf5b0 Uncommon trap: trap_request=0xffffff45 fr.pc=0x0000028099e3d08c relative=0x000000000000006c
Event: 3.203 Thread 0x000002808e8bf5b0 Uncommon trap: reason=unstable_if action=reinterpret pc=0x0000028099e3d08c method=java.lang.Integer.equals(Ljava/lang/Object;)Z @ 18 c2
Event: 3.203 Thread 0x000002808e8bf5b0 DEOPT PACKING pc=0x0000028099e3d08c sp=0x00000090e20fec80
Event: 3.203 Thread 0x000002808e8bf5b0 DEOPT UNPACKING pc=0x000002809232e42f sp=0x00000090e20fec08 mode 2
Event: 4.848 Thread 0x00000280a9ca62e0 DEOPT PACKING pc=0x0000028092b7640f sp=0x00000090e3afccd0
Event: 4.848 Thread 0x00000280a9ca62e0 DEOPT UNPACKING pc=0x000002809232e23f sp=0x00000090e3afc1b8 mode 0
Event: 4.852 Thread 0x00000280a9ca62e0 DEOPT PACKING pc=0x0000028092b7640f sp=0x00000090e3afccd0
Event: 4.852 Thread 0x00000280a9ca62e0 DEOPT UNPACKING pc=0x000002809232e23f sp=0x00000090e3afc1b8 mode 0
Event: 4.855 Thread 0x00000280a9ca62e0 DEOPT PACKING pc=0x0000028092b7640f sp=0x00000090e3afccd0
Event: 4.855 Thread 0x00000280a9ca62e0 DEOPT UNPACKING pc=0x000002809232e23f sp=0x00000090e3afc1b8 mode 0
Event: 4.863 Thread 0x00000280a9ca62e0 DEOPT PACKING pc=0x0000028092b7640f sp=0x00000090e3afc6e0
Event: 4.863 Thread 0x00000280a9ca62e0 DEOPT UNPACKING pc=0x000002809232e23f sp=0x00000090e3afbbc8 mode 0
Event: 4.869 Thread 0x00000280a9ca62e0 DEOPT PACKING pc=0x0000028092b7640f sp=0x00000090e3afc6e0
Event: 4.869 Thread 0x00000280a9ca62e0 DEOPT UNPACKING pc=0x000002809232e23f sp=0x00000090e3afbbc8 mode 0
Event: 5.278 Thread 0x00000280a9ca62e0 DEOPT PACKING pc=0x0000028092b1ccf3 sp=0x00000090e3afd010
Event: 5.278 Thread 0x00000280a9ca62e0 DEOPT UNPACKING pc=0x000002809232e23f sp=0x00000090e3afc4f0 mode 0
Event: 9.078 Thread 0x00000280a9ca62e0 Uncommon trap: trap_request=0xffffff45 fr.pc=0x0000028099eda234 relative=0x0000000000000174
Event: 9.078 Thread 0x00000280a9ca62e0 Uncommon trap: reason=unstable_if action=reinterpret pc=0x0000028099eda234 method=java.awt.geom.AffineTransform.translate(DD)V @ 4 c2
Event: 9.078 Thread 0x00000280a9ca62e0 DEOPT PACKING pc=0x0000028099eda234 sp=0x00000090e3afd5a0
Event: 9.078 Thread 0x00000280a9ca62e0 DEOPT UNPACKING pc=0x000002809232e42f sp=0x00000090e3afd528 mode 2

Classes unloaded (0 events):
No events

Classes redefined (0 events):
No events

Internal exceptions (19 events):
Event: 0.156 Thread 0x000002808e8bf5b0 Exception <a 'java/lang/NoSuchMethodError'{0x0000000089c59508}: 'void java.lang.invoke.DirectMethodHandle$Holder.invokeSpecial(java.lang.Object, java.lang.Object, java.lang.Object)'> (0x0000000089c59508) 
thrown [./open/src/hotspot/share/interpreter/linkResolver.cpp, line 782]
Event: 0.216 Thread 0x000002808e8bf5b0 Exception <a 'java/lang/ClassNotFoundException'{0x0000000089cef850}: sun/awt/resources/spi/awtProvider> (0x0000000089cef850) 
thrown [./open/src/hotspot/share/classfile/systemDictionary.cpp, line 295]
Event: 0.245 Thread 0x000002808e8bf5b0 Exception <a 'java/io/FileNotFoundException'{0x0000000089b94ac0}> (0x0000000089b94ac0) 
thrown [./open/src/hotspot/share/prims/jni.cpp, line 578]
Event: 0.252 Thread 0x000002808e8bf5b0 Exception <a 'java/io/FileNotFoundException'{0x0000000089bc35c0}> (0x0000000089bc35c0) 
thrown [./open/src/hotspot/share/prims/jni.cpp, line 578]
Event: 0.253 Thread 0x000002808e8bf5b0 Exception <a 'java/lang/NoSuchMethodError'{0x0000000089bc48f8}: 'java.lang.Object java.lang.invoke.DirectMethodHandle$Holder.invokeStatic(java.lang.Object)'> (0x0000000089bc48f8) 
thrown [./open/src/hotspot/share/interpreter/linkResolver.cpp, line 782]
Event: 0.296 Thread 0x000002808e8bf5b0 Exception <a 'java/lang/NoSuchMethodError'{0x0000000089a0ed08}: 'java.lang.Object java.lang.invoke.DirectMethodHandle$Holder.invokeStaticInit(java.lang.Object)'> (0x0000000089a0ed08) 
thrown [./open/src/hotspot/share/interpreter/linkResolver.cpp, line 782]
Event: 0.335 Thread 0x000002808e8bf5b0 Exception <a 'java/lang/NoSuchMethodError'{0x0000000089af6b58}: 'java.lang.Object java.lang.invoke.DirectMethodHandle$Holder.newInvokeSpecial(java.lang.Object, java.lang.Object, java.lang.Object, java.lang.Object, java.lang.Object)'> (0x0000000089af6b58) 
thrown [./open/src/hotspot/share/interpreter/linkResolver.cpp, line 782]
Event: 0.337 Thread 0x000002808e8bf5b0 Exception <a 'java/lang/NoSuchMethodError'{0x0000000089902e98}: 'java.lang.Object java.lang.invoke.DirectMethodHandle$Holder.invokeStatic(java.lang.Object, int, java.lang.Object, java.lang.Object, java.lang.Object, java.lang.Object)'> (0x0000000089902e98) 
thrown [./open/src/hotspot/share/interpreter/linkResolver.cpp, line 782]
Event: 0.340 Thread 0x000002808e8bf5b0 Exception <a 'java/lang/NoSuchMethodError'{0x0000000089929140}: 'java.lang.Object java.lang.invoke.DirectMethodHandle$Holder.invokeStatic(java.lang.Object, int, java.lang.Object)'> (0x0000000089929140) 
thrown [./open/src/hotspot/share/interpreter/linkResolver.cpp, line 782]
Event: 0.358 Thread 0x000002808e8bf5b0 Exception <a 'java/lang/ClassNotFoundException'{0x00000000899e12e0}: com/sun/swing/internal/plaf/metal/resources/spi/metalProvider> (0x00000000899e12e0) 
thrown [./open/src/hotspot/share/classfile/systemDictionary.cpp, line 295]
Event: 0.359 Thread 0x000002808e8bf5b0 Exception <a 'java/lang/ClassNotFoundException'{0x00000000899e5640}: com/sun/swing/internal/plaf/basic/resources/spi/basicProvider> (0x00000000899e5640) 
thrown [./open/src/hotspot/share/classfile/systemDictionary.cpp, line 295]
Event: 0.591 Thread 0x000002808e8bf5b0 Exception <a 'java/lang/NoSuchMethodError'{0x00000000899cc4b0}: 'void java.lang.invoke.DirectMethodHandle$Holder.invokeStaticInit(java.lang.Object)'> (0x00000000899cc4b0) 
thrown [./open/src/hotspot/share/interpreter/linkResolver.cpp, line 782]
Event: 2.012 Thread 0x000002808e8bf5b0 Exception <a 'java/lang/NoSuchMethodError'{0x0000000086807d78}: 'java.lang.Object java.lang.invoke.DirectMethodHandle$Holder.invokeSpecial(java.lang.Object, java.lang.Object, java.lang.Object, int, java.lang.Object)'> (0x0000000086807d78) 
thrown [./open/src/hotspot/share/interpreter/linkResolver.cpp, line 782]
Event: 2.013 Thread 0x000002808e8bf5b0 Implicit null exception at 0x0000028099e536f0 to 0x0000028099e54058
Event: 2.013 Thread 0x000002808e8bf5b0 Implicit null exception at 0x0000028099e40c33 to 0x0000028099e40f1c
Event: 2.013 Thread 0x000002808e8bf5b0 Implicit null exception at 0x0000028099e3d420 to 0x0000028099e3d5c8
Event: 2.096 Thread 0x000002808e8bf5b0 Implicit null exception at 0x0000028099dfe780 to 0x0000028099dfe868
Event: 3.087 Thread 0x000002808e8bf5b0 Implicit null exception at 0x0000028099e59504 to 0x0000028099e596f4
Event: 26262.450 Thread 0x00000280a9ca62e0 Exception <a 'java/lang/NoSuchMethodError'{0x00000000876f3a90}: 'void java.lang.invoke.DirectMethodHandle$Holder.invokeVirtual(java.lang.Object, java.lang.Object)'> (0x00000000876f3a90) 
thrown [./open/src/hotspot/share/interpreter/linkResolver.cpp, line 782]

Events (20 events):
Event: 5.602 Thread 0x00000280acef4610 Thread added: 0x00000280acef4610
Event: 5.906 Thread 0x00000280acef4610 Thread exited: 0x00000280acef4610
Event: 7.119 Thread 0x00000280ace5bb00 Thread added: 0x00000280ace5bb00
Event: 7.242 Thread 0x00000280ace5bb00 Thread exited: 0x00000280ace5bb00
Event: 9.049 loading class java/awt/Window$1DisposeAction
Event: 9.049 loading class java/awt/Window$1DisposeAction done
Event: 9.049 loading class java/awt/KeyboardFocusManager$2
Event: 9.049 loading class java/awt/KeyboardFocusManager$2 done
Event: 9.049 loading class sun/awt/SunToolkit$1
Event: 9.050 loading class sun/awt/SunToolkit$1 done
Event: 9.057 loading class javax/swing/Autoscroller
Event: 9.057 loading class javax/swing/Autoscroller done
Event: 26261.765 loading class java/util/Collections$SynchronizedSet
Event: 26261.937 loading class java/util/Collections$SynchronizedSet done
Event: 26261.951 loading class java/util/WeakHashMap$KeyIterator
Event: 26261.959 loading class java/util/WeakHashMap$HashIterator
Event: 26261.982 loading class java/util/WeakHashMap$HashIterator done
Event: 26261.982 loading class java/util/WeakHashMap$KeyIterator done
Event: 26263.642 loading class javax/swing/RepaintManager$DisplayChangedRunnable
Event: 26263.644 loading class javax/swing/RepaintManager$DisplayChangedRunnable done


Dynamic libraries:
0x00007ff75f220000 - 0x00007ff75f22d000 	C:\Users\Hiep\.p2\pool\plugins\org.eclipse.justj.openjdk.hotspot.jre.full.win32.x86_64_15.0.2.v20210201-0955\jre\bin\javaw.exe
0x00007ffb84cd0000 - 0x00007ffb84ec5000 	C:\WINDOWS\SYSTEM32\ntdll.dll
0x00007ffb83f00000 - 0x00007ffb83fbd000 	C:\WINDOWS\System32\KERNEL32.DLL
0x00007ffb82830000 - 0x00007ffb82af8000 	C:\WINDOWS\System32\KERNELBASE.dll
0x00007ffb82650000 - 0x00007ffb82750000 	C:\WINDOWS\System32\ucrtbase.dll
0x00007ffb79300000 - 0x00007ffb79318000 	C:\Users\Hiep\.p2\pool\plugins\org.eclipse.justj.openjdk.hotspot.jre.full.win32.x86_64_15.0.2.v20210201-0955\jre\bin\jli.dll
0x00007ffb792e0000 - 0x00007ffb792f9000 	C:\Users\Hiep\.p2\pool\plugins\org.eclipse.justj.openjdk.hotspot.jre.full.win32.x86_64_15.0.2.v20210201-0955\jre\bin\VCRUNTIME140.dll
0x00007ffb84a70000 - 0x00007ffb84c10000 	C:\WINDOWS\System32\USER32.dll
0x00007ffb82d00000 - 0x00007ffb82d22000 	C:\WINDOWS\System32\win32u.dll
0x00007ffb6b080000 - 0x00007ffb6b31a000 	C:\WINDOWS\WinSxS\amd64_microsoft.windows.common-controls_6595b64144ccf1df_6.0.19041.844_none_ca00b6081b84eb1d\COMCTL32.dll
0x00007ffb83fc0000 - 0x00007ffb83fea000 	C:\WINDOWS\System32\GDI32.dll
0x00007ffb84520000 - 0x00007ffb845be000 	C:\WINDOWS\System32\msvcrt.dll
0x00007ffb82510000 - 0x00007ffb8261b000 	C:\WINDOWS\System32\gdi32full.dll
0x00007ffb82c60000 - 0x00007ffb82cfd000 	C:\WINDOWS\System32\msvcp_win.dll
0x00007ffb83410000 - 0x00007ffb83440000 	C:\WINDOWS\System32\IMM32.DLL
0x00007ffb7a440000 - 0x00007ffb7a44c000 	C:\Users\Hiep\.p2\pool\plugins\org.eclipse.justj.openjdk.hotspot.jre.full.win32.x86_64_15.0.2.v20210201-0955\jre\bin\vcruntime140_1.dll
0x00007ffb715c0000 - 0x00007ffb71651000 	C:\Users\Hiep\.p2\pool\plugins\org.eclipse.justj.openjdk.hotspot.jre.full.win32.x86_64_15.0.2.v20210201-0955\jre\bin\msvcp140.dll
0x00007ffb326e0000 - 0x00007ffb3323e000 	C:\Users\Hiep\.p2\pool\plugins\org.eclipse.justj.openjdk.hotspot.jre.full.win32.x86_64_15.0.2.v20210201-0955\jre\bin\server\jvm.dll
0x00007ffb83ff0000 - 0x00007ffb8409c000 	C:\WINDOWS\System32\ADVAPI32.dll
0x00007ffb82e60000 - 0x00007ffb82efb000 	C:\WINDOWS\System32\sechost.dll
0x00007ffb848e0000 - 0x00007ffb84a0b000 	C:\WINDOWS\System32\RPCRT4.dll
0x00007ffb82f90000 - 0x00007ffb82f98000 	C:\WINDOWS\System32\PSAPI.DLL
0x00007ffb68120000 - 0x00007ffb68147000 	C:\WINDOWS\SYSTEM32\WINMM.dll
0x00007ffb71010000 - 0x00007ffb71019000 	C:\WINDOWS\SYSTEM32\WSOCK32.dll
0x00007ffb71a30000 - 0x00007ffb71a3a000 	C:\WINDOWS\SYSTEM32\VERSION.dll
0x00007ffb84720000 - 0x00007ffb8478b000 	C:\WINDOWS\System32\WS2_32.dll
0x00007ffb80d30000 - 0x00007ffb80d42000 	C:\WINDOWS\SYSTEM32\kernel.appcore.dll
0x00007ffb68a90000 - 0x00007ffb68a9a000 	C:\Users\Hiep\.p2\pool\plugins\org.eclipse.justj.openjdk.hotspot.jre.full.win32.x86_64_15.0.2.v20210201-0955\jre\bin\jimage.dll
0x00007ffb80a10000 - 0x00007ffb80bf4000 	C:\WINDOWS\SYSTEM32\DBGHELP.DLL
0x00007ffb71a60000 - 0x00007ffb71a8c000 	C:\WINDOWS\SYSTEM32\dbgcore.DLL
0x00007ffb82750000 - 0x00007ffb827d0000 	C:\WINDOWS\System32\bcryptPrimitives.dll
0x00007ffb4f550000 - 0x00007ffb4f575000 	C:\Users\Hiep\.p2\pool\plugins\org.eclipse.justj.openjdk.hotspot.jre.full.win32.x86_64_15.0.2.v20210201-0955\jre\bin\java.dll
0x00007ffb4f530000 - 0x00007ffb4f548000 	C:\Users\Hiep\.p2\pool\plugins\org.eclipse.justj.openjdk.hotspot.jre.full.win32.x86_64_15.0.2.v20210201-0955\jre\bin\zip.dll
0x00007ffb83450000 - 0x00007ffb83b92000 	C:\WINDOWS\System32\SHELL32.dll
0x00007ffb80260000 - 0x00007ffb809f1000 	C:\WINDOWS\SYSTEM32\windows.storage.dll
0x00007ffb841c0000 - 0x00007ffb84515000 	C:\WINDOWS\System32\combase.dll
0x00007ffb81e80000 - 0x00007ffb81eac000 	C:\WINDOWS\SYSTEM32\Wldp.dll
0x00007ffb84670000 - 0x00007ffb8471e000 	C:\WINDOWS\System32\SHCORE.dll
0x00007ffb84a10000 - 0x00007ffb84a65000 	C:\WINDOWS\System32\shlwapi.dll
0x00007ffb82350000 - 0x00007ffb8236f000 	C:\WINDOWS\SYSTEM32\profapi.dll
0x00007ffb50410000 - 0x00007ffb50429000 	C:\Users\Hiep\.p2\pool\plugins\org.eclipse.justj.openjdk.hotspot.jre.full.win32.x86_64_15.0.2.v20210201-0955\jre\bin\net.dll
0x00007ffb76750000 - 0x00007ffb7685b000 	C:\WINDOWS\SYSTEM32\WINHTTP.dll
0x00007ffb81bf0000 - 0x00007ffb81c5a000 	C:\WINDOWS\system32\mswsock.dll
0x00007ffb4f2b0000 - 0x00007ffb4f2c2000 	C:\Users\Hiep\.p2\pool\plugins\org.eclipse.justj.openjdk.hotspot.jre.full.win32.x86_64_15.0.2.v20210201-0955\jre\bin\nio.dll
0x00007ffb69860000 - 0x00007ffb699df000 	C:\Users\Hiep\.p2\pool\plugins\org.eclipse.justj.openjdk.hotspot.jre.full.win32.x86_64_15.0.2.v20210201-0955\jre\bin\awt.dll
0x00007ffb83c00000 - 0x00007ffb83ccd000 	C:\WINDOWS\System32\OLEAUT32.dll
0x00007ffb7bbe0000 - 0x00007ffb7bc70000 	C:\WINDOWS\SYSTEM32\apphelp.dll
0x00007ffb7feb0000 - 0x00007ffb7fedf000 	C:\WINDOWS\system32\DWMAPI.DLL
0x00007ffb7bcd0000 - 0x00007ffb7bd6e000 	C:\WINDOWS\system32\uxtheme.dll
0x00007ffb66960000 - 0x00007ffb66a86000 	C:\WINDOWS\system32\opengl32.dll
0x00007ffb6e940000 - 0x00007ffb6e96c000 	C:\WINDOWS\SYSTEM32\GLU32.dll
0x00007ffb840a0000 - 0x00007ffb841b5000 	C:\WINDOWS\System32\MSCTF.dll
0x00007ffb82d30000 - 0x00007ffb82e5a000 	C:\WINDOWS\System32\ole32.dll
0x00007ffb78ef0000 - 0x00007ffb78f1d000 	C:\Users\Hiep\.p2\pool\plugins\org.eclipse.justj.openjdk.hotspot.jre.full.win32.x86_64_15.0.2.v20210201-0955\jre\bin\javajpeg.dll
0x00007ffb6a1f0000 - 0x00007ffb6a275000 	C:\Users\Hiep\.p2\pool\plugins\org.eclipse.justj.openjdk.hotspot.jre.full.win32.x86_64_15.0.2.v20210201-0955\jre\bin\freetype.dll
0x00007ffb697b0000 - 0x00007ffb69859000 	C:\Users\Hiep\.p2\pool\plugins\org.eclipse.justj.openjdk.hotspot.jre.full.win32.x86_64_15.0.2.v20210201-0955\jre\bin\fontmanager.dll
0x00007ffb845c0000 - 0x00007ffb84669000 	C:\WINDOWS\System32\clbcatq.dll
0x00007ffb775d0000 - 0x00007ffb77784000 	C:\WINDOWS\SYSTEM32\WindowsCodecs.dll
0x00007ffb82620000 - 0x00007ffb82647000 	C:\WINDOWS\System32\bcrypt.dll
0x00007ffb68420000 - 0x00007ffb6845e000 	C:\WINDOWS\system32\dataexchange.dll
0x00007ffb7aa10000 - 0x00007ffb7ac74000 	C:\WINDOWS\system32\d3d11.dll
0x00007ffb7b0e0000 - 0x00007ffb7b2c5000 	C:\WINDOWS\system32\dcomp.dll
0x00007ffb80e70000 - 0x00007ffb80f63000 	C:\WINDOWS\system32\dxgi.dll
0x00007ffb79ed0000 - 0x00007ffb7a0d1000 	C:\WINDOWS\system32\twinapi.appcore.dll
0x00007ffb69390000 - 0x00007ffb69489000 	C:\WINDOWS\SYSTEM32\textinputframework.dll
0x00007ffb7b9b0000 - 0x00007ffb7baa2000 	C:\WINDOWS\System32\CoreMessaging.dll
0x00007ffb7b650000 - 0x00007ffb7b9ae000 	C:\WINDOWS\System32\CoreUIComponents.dll
0x00007ffb81150000 - 0x00007ffb81183000 	C:\WINDOWS\SYSTEM32\ntmarta.dll
0x00007ffb7c040000 - 0x00007ffb7c194000 	C:\WINDOWS\SYSTEM32\wintypes.dll
0x00007ffb71580000 - 0x00007ffb715bf000 	C:\Users\Hiep\.p2\pool\plugins\org.eclipse.justj.openjdk.hotspot.jre.full.win32.x86_64_15.0.2.v20210201-0955\jre\bin\lcms.dll
0x00007ffb67470000 - 0x00007ffb6751c000 	C:\WINDOWS\SYSTEM32\TextShaping.dll

dbghelp: loaded successfully - version: 4.0.5 - missing functions: none
symbol engine: initialized successfully - sym options: 0x614 - pdb path: .;C:\Users\Hiep\.p2\pool\plugins\org.eclipse.justj.openjdk.hotspot.jre.full.win32.x86_64_15.0.2.v20210201-0955\jre\bin;C:\WINDOWS\SYSTEM32;C:\WINDOWS\WinSxS\amd64_microsoft.windows.common-controls_6595b64144ccf1df_6.0.19041.844_none_ca00b6081b84eb1d;C:\Users\Hiep\.p2\pool\plugins\org.eclipse.justj.openjdk.hotspot.jre.full.win32.x86_64_15.0.2.v20210201-0955\jre\bin\server

VM Arguments:
jvm_args: -Dfile.encoding=Cp1252 -XX:+ShowCodeDetailsInExceptionMessages 
java_command: hust.soict.cttn.aims.Aims
java_class_path (initial): D:\TTH\app code\Visual Studio\Java\TTH\Lab 10\bin;C:\Users\Hiep\.p2\pool\plugins\org.eclipse.fx.ide.css.jfx8_3.7.0.202010120832.jar;D:\TTH\tool\javafx-sdk-16\lib\javafx.base.jar;D:\TTH\tool\javafx-sdk-16\lib\javafx.controls.jar;D:\TTH\tool\javafx-sdk-16\lib\javafx.fxml.jar;D:\TTH\tool\javafx-sdk-16\lib\javafx.graphics.jar;D:\TTH\tool\javafx-sdk-16\lib\javafx.media.jar;D:\TTH\tool\javafx-sdk-16\lib\javafx.swing.jar;D:\TTH\tool\javafx-sdk-16\lib\javafx.web.jar;D:\TTH\tool\javafx-sdk-16\lib\javafx-swt.jar
Launcher Type: SUN_STANDARD

[Global flags]
     intx CICompilerCount                          = 4                                         {product} {ergonomic}
     uint ConcGCThreads                            = 2                                         {product} {ergonomic}
     uint G1ConcRefinementThreads                  = 8                                         {product} {ergonomic}
   size_t G1HeapRegionSize                         = 1048576                                   {product} {ergonomic}
    uintx GCDrainStackTargetSize                   = 64                                        {product} {ergonomic}
   size_t InitialHeapSize                          = 134217728                                 {product} {ergonomic}
   size_t MarkStackSize                            = 4194304                                   {product} {ergonomic}
   size_t MaxHeapSize                              = 2116026368                                {product} {ergonomic}
   size_t MaxNewSize                               = 1268776960                                {product} {ergonomic}
   size_t MinHeapDeltaBytes                        = 1048576                                   {product} {ergonomic}
   size_t MinHeapSize                              = 8388608                                   {product} {ergonomic}
    uintx NonNMethodCodeHeapSize                   = 5839372                                {pd product} {ergonomic}
    uintx NonProfiledCodeHeapSize                  = 122909434                              {pd product} {ergonomic}
    uintx ProfiledCodeHeapSize                     = 122909434                              {pd product} {ergonomic}
    uintx ReservedCodeCacheSize                    = 251658240                              {pd product} {ergonomic}
     bool SegmentedCodeCache                       = true                                      {product} {ergonomic}
     bool ShowCodeDetailsInExceptionMessages       = true                                   {manageable} {command line}
   size_t SoftMaxHeapSize                          = 2116026368                             {manageable} {ergonomic}
     bool UseCompressedClassPointers               = true                                 {lp64_product} {ergonomic}
     bool UseCompressedOops                        = true                                 {lp64_product} {ergonomic}
     bool UseG1GC                                  = true                                      {product} {ergonomic}
     bool UseLargePagesIndividualAllocation        = false                                  {pd product} {ergonomic}

Logging:
Log output configuration:
 #0: stdout all=warning uptime,level,tags
 #1: stderr all=off uptime,level,tags

Environment Variables:
JAVA_HOME=C:\Program Files\Java\jdk-14\bin
PATH=C:/Users/Hiep/.p2/pool/plugins/org.eclipse.justj.openjdk.hotspot.jre.full.win32.x86_64_15.0.2.v20210201-0955/jre/bin/server;C:/Users/Hiep/.p2/pool/plugins/org.eclipse.justj.openjdk.hotspot.jre.full.win32.x86_64_15.0.2.v20210201-0955/jre/bin;C:\Program Files\Common Files\Oracle\Java\javapath;C:\Program Files\AdoptOpenJDK\jdk-11.0.10.9-hotspot;C:\Program Files (x86)\VMware\VMware Workstation\bin\;C:\ProgramData\Anaconda3;C:\ProgramData\Anaconda3\Library\mingw-w64\bin;C:\ProgramData\Anaconda3\Library\usr\bin;C:\ProgramData\Anaconda3\Library\bin;C:\ProgramData\Anaconda3\Scripts;C:\Program Files\Java\jdk-14\bin;C:\Program Files\Calibre2\;C:\Program Files\Microsoft Network Monitor 3\;C:\Program Files\mingw-w64\x86_64-8.1.0-posix-seh-rt_v6-rev0\mingw64\bin;C:\WINDOWS\system32\WindowsPowerShell\v1.0\powershell.exe;D:\Git\cmd;C:\Program Files\AdoptOpenJDK\jdk-11.0.10.9-hotspot\bin;;C:\WINDOWS\system32;C:\WINDOWS;C:\WINDOWS\System32\Wbem;C:\WINDOWS\System32\WindowsPowerShell\v1.0\;C:\WINDOWS\System32\OpenSSH\;C:\Users\Hiep\AppData\Local\Programs\Python\Python38-32\Scripts\;C:\Users\Hiep\AppData\Local\Programs\Python\Python38-32\;C:\Users\Hiep\AppData\Local\Microsoft\WindowsApps;C:\Users\Hiep\AppData\Local\Programs\Microsoft VS Code\bin;C:\Program Files (x86)\CodeBlocks\MinGW\bin;C:\Program Files\JetBrains\PyCharm 2020.2.3\bin;;;C:\Users\Hiep;
USERNAME=Hiep
OS=Windows_NT
PROCESSOR_IDENTIFIER=Intel64 Family 6 Model 142 Stepping 12, GenuineIntel



---------------  S Y S T E M  ---------------

OS:
 Windows 10 , 64 bit Build 19041 (10.0.19041.928)
OS uptime: 4 days 1:31 hours

CPU: total 8 (initial active 8) (4 cores per cpu, 2 threads per core) family 6 model 142 stepping 12 microcode 0xca, cmov, cx8, fxsr, mmx, sse, sse2, sse3, ssse3, sse4.1, sse4.2, popcnt, vzeroupper, avx, avx2, aes, clmul, erms, 3dnowpref, lzcnt, ht, tsc, tscinvbit, bmi1, bmi2, adx, fma, clflush, clflushopt

Memory: 4k page, system-wide physical 8068M (222M free)
TotalPageFile size 21492M (AvailPageFile size 5M)
current process WorkingSet (physical memory assigned to process): 36M, peak: 250M
current process commit charge ("private bytes"): 245M, peak: 287M

vm_info: OpenJDK 64-Bit Server VM (15.0.2+7-27) for windows-amd64 JRE (15.0.2+7-27), built on Dec  7 2020 20:02:38 by "mach5one" with unknown MS VC++:1925

END.
