#
# There is insufficient memory for the Java Runtime Environment to continue.
# Native memory allocation (mmap) failed to map 134217728 bytes for G1 virtual space
# Possible reasons:
#   The system is out of physical RAM or swap space
#   The process is running with CompressedOops enabled, and the Java Heap may be blocking the growth of the native heap
# Possible solutions:
#   Reduce memory load on the system
#   Increase physical memory or swap space
#   Check if swap backing store is full
#   Decrease Java heap size (-Xmx/-Xms)
#   Decrease number of Java threads
#   Decrease Java thread stack sizes (-Xss)
#   Set larger code cache with -XX:ReservedCodeCacheSize=
#   JVM is running with Unscaled Compressed Oops mode in which the Java heap is
#     placed in the first 4GB address space. The Java Heap base address is the
#     maximum limit for the native heap growth. Please use -XX:HeapBaseMinAddress
#     to set the Java Heap base and to place the Java Heap above 4GB virtual address.
# This output file may be truncated or incomplete.
#
#  Out of Memory Error (./open/src/hotspot/os/windows/os_windows.cpp:3321), pid=3124, tid=18480
#
# JRE version:  (15.0.2+7) (build )
# Java VM: OpenJDK 64-Bit Server VM (15.0.2+7-27, mixed mode, sharing, tiered, compressed oops, g1 gc, windows-amd64)
# No core dump will be written. Minidumps are not enabled by default on client versions of Windows
#

---------------  S U M M A R Y ------------

Command Line: -Dfile.encoding=Cp1252 -XX:+ShowCodeDetailsInExceptionMessages hust.soict.cttn.aims.Aims

Host: Intel(R) Core(TM) i7-8565U CPU @ 1.80GHz, 8 cores, 7G,  Windows 10 , 64 bit Build 19041 (10.0.19041.928)
Time: Sun May 16 22:32:09 2021 SE Asia Standard Time elapsed time: 0.015357 seconds (0d 0h 0m 0s)

---------------  T H R E A D  ---------------

Current thread (0x00000211cb8b0380):  JavaThread "Unknown thread" [_thread_in_vm, id=18480, stack(0x000000b284200000,0x000000b284300000)]

Stack: [0x000000b284200000,0x000000b284300000]
Native frames: (J=compiled Java code, j=interpreted, Vv=VM code, C=native code)
V  [jvm.dll+0x62ae9a]
V  [jvm.dll+0x7817a9]
V  [jvm.dll+0x782f03]
V  [jvm.dll+0x783563]
V  [jvm.dll+0x216325]
V  [jvm.dll+0x6281d9]
V  [jvm.dll+0x61cf55]
V  [jvm.dll+0x2cffdd]
V  [jvm.dll+0x2cfe42]
V  [jvm.dll+0x2d5e1c]
V  [jvm.dll+0x32590a]
V  [jvm.dll+0x324fd4]
V  [jvm.dll+0x2a6f5a]
V  [jvm.dll+0x2a80f8]
V  [jvm.dll+0x75e241]
V  [jvm.dll+0x3341c4]
V  [jvm.dll+0x73e926]
V  [jvm.dll+0x3b7557]
V  [jvm.dll+0x3b8fe1]
C  [jli.dll+0x52fb]
C  [ucrtbase.dll+0x21bb2]
C  [KERNEL32.DLL+0x17034]
C  [ntdll.dll+0x52651]


---------------  P R O C E S S  ---------------

Threads class SMR info:
_java_thread_list=0x00007ffb37b74ff0, length=0, elements={
}

Java Threads: ( => current thread )

Other Threads:
  0x00000211cb8f1530 GCTaskThread "GC Thread#0" [stack: 0x000000b284300000,0x000000b284400000] [id=9272]
  0x00000211cb940010 ConcurrentGCThread "G1 Main Marker" [stack: 0x000000b284400000,0x000000b284500000] [id=15720]
  0x00000211cb941ba0 ConcurrentGCThread "G1 Conc#0" [stack: 0x000000b284500000,0x000000b284600000] [id=3096]

[error occurred during error reporting (printing all threads), id 0xc0000005, EXCEPTION_ACCESS_VIOLATION (0xc0000005) at pc=0x00007ffb37367e27]

VM state: not at safepoint (not fully initialized)

VM Mutex/Monitor currently owned by a thread:  ([mutex/lock_event])
[0x00000211cb89c770] Heap_lock - owner thread: 0x00000211cb8b0380

Heap address: 0x0000000081e00000, size: 2018 MB, Compressed Oops mode: 32-bit
CDS archive(s) mapped at: [0x0000000000000000-0x0000000000000000-0x0000000000000000), size 0, SharedBaseAddress: 0x0000000800000000, ArchiveRelocationMode: 0.
Narrow klass base: 0x0000000000000000, Narrow klass shift: 0, Narrow klass range: 0x0

Heap:
 garbage-first heap   total 131072K, used 0K [0x0000000081e00000, 0x0000000100000000)
  region size 1024K, 0 young (0K), 0 survivors (0K)
 Metaspace       used 0K, capacity 0K, committed 0K, reserved 0K
  class space    used 0K, capacity 0K, committed 0K, reserved 0K

Heap Regions: E=young(eden), S=young(survivor), O=old, HS=humongous(starts), HC=humongous(continues), CS=collection set, F=free, OA=open archive, CA=closed archive, TAMS=top-at-mark-start (previous, next)

Card table byte_map: [0x00000211dea10000,0x00000211dee10000] _byte_map_base: 0x00000211de601000

Marking Bits (Prev, Next): (CMBitMap*) 0x00000211cb8f1cb0, (CMBitMap*) 0x00000211cb8f1cf0
 Prev Bits: [0x00000211df210000, 0x00000211e1198000)
 Next Bits: [0x00000211e11a0000, 0x00000211e3128000)

GC Heap History (0 events):
No events

Deoptimization events (0 events):
No events

Classes unloaded (0 events):
No events

Classes redefined (0 events):
No events

Internal exceptions (0 events):
No events

Events (1 events):
Event: 0.009 Loaded shared library C:\Users\Hiep\.p2\pool\plugins\org.eclipse.justj.openjdk.hotspot.jre.full.win32.x86_64_15.0.2.v20210201-0955\jre\bin\java.dll


Dynamic libraries:
0x00007ff60c300000 - 0x00007ff60c30d000 	C:\Users\Hiep\.p2\pool\plugins\org.eclipse.justj.openjdk.hotspot.jre.full.win32.x86_64_15.0.2.v20210201-0955\jre\bin\javaw.exe
0x00007ffb84cd0000 - 0x00007ffb84ec5000 	C:\WINDOWS\SYSTEM32\ntdll.dll
0x00007ffb83f00000 - 0x00007ffb83fbd000 	C:\WINDOWS\System32\KERNEL32.DLL
0x00007ffb82830000 - 0x00007ffb82af8000 	C:\WINDOWS\System32\KERNELBASE.dll
0x00007ffb82650000 - 0x00007ffb82750000 	C:\WINDOWS\System32\ucrtbase.dll
0x00007ffb6c130000 - 0x00007ffb6c148000 	C:\Users\Hiep\.p2\pool\plugins\org.eclipse.justj.openjdk.hotspot.jre.full.win32.x86_64_15.0.2.v20210201-0955\jre\bin\jli.dll
0x00007ffb716a0000 - 0x00007ffb716b9000 	C:\Users\Hiep\.p2\pool\plugins\org.eclipse.justj.openjdk.hotspot.jre.full.win32.x86_64_15.0.2.v20210201-0955\jre\bin\VCRUNTIME140.dll
0x00007ffb84a70000 - 0x00007ffb84c10000 	C:\WINDOWS\System32\USER32.dll
0x00007ffb82d00000 - 0x00007ffb82d22000 	C:\WINDOWS\System32\win32u.dll
0x00007ffb6b080000 - 0x00007ffb6b31a000 	C:\WINDOWS\WinSxS\amd64_microsoft.windows.common-controls_6595b64144ccf1df_6.0.19041.844_none_ca00b6081b84eb1d\COMCTL32.dll
0x00007ffb83fc0000 - 0x00007ffb83fea000 	C:\WINDOWS\System32\GDI32.dll
0x00007ffb84520000 - 0x00007ffb845be000 	C:\WINDOWS\System32\msvcrt.dll
0x00007ffb82510000 - 0x00007ffb8261b000 	C:\WINDOWS\System32\gdi32full.dll
0x00007ffb82c60000 - 0x00007ffb82cfd000 	C:\WINDOWS\System32\msvcp_win.dll
0x00007ffb83410000 - 0x00007ffb83440000 	C:\WINDOWS\System32\IMM32.DLL
0x00007ffb78130000 - 0x00007ffb7813c000 	C:\Users\Hiep\.p2\pool\plugins\org.eclipse.justj.openjdk.hotspot.jre.full.win32.x86_64_15.0.2.v20210201-0955\jre\bin\vcruntime140_1.dll
0x00007ffb68e80000 - 0x00007ffb68f11000 	C:\Users\Hiep\.p2\pool\plugins\org.eclipse.justj.openjdk.hotspot.jre.full.win32.x86_64_15.0.2.v20210201-0955\jre\bin\msvcp140.dll
0x00007ffb370b0000 - 0x00007ffb37c0e000 	C:\Users\Hiep\.p2\pool\plugins\org.eclipse.justj.openjdk.hotspot.jre.full.win32.x86_64_15.0.2.v20210201-0955\jre\bin\server\jvm.dll
0x00007ffb83ff0000 - 0x00007ffb8409c000 	C:\WINDOWS\System32\ADVAPI32.dll
0x00007ffb82e60000 - 0x00007ffb82efb000 	C:\WINDOWS\System32\sechost.dll
0x00007ffb848e0000 - 0x00007ffb84a0b000 	C:\WINDOWS\System32\RPCRT4.dll
0x00007ffb82f90000 - 0x00007ffb82f98000 	C:\WINDOWS\System32\PSAPI.DLL
0x00007ffb71680000 - 0x00007ffb71689000 	C:\WINDOWS\SYSTEM32\WSOCK32.dll
0x00007ffb68120000 - 0x00007ffb68147000 	C:\WINDOWS\SYSTEM32\WINMM.dll
0x00007ffb71a30000 - 0x00007ffb71a3a000 	C:\WINDOWS\SYSTEM32\VERSION.dll
0x00007ffb84720000 - 0x00007ffb8478b000 	C:\WINDOWS\System32\WS2_32.dll
0x00007ffb80d30000 - 0x00007ffb80d42000 	C:\WINDOWS\SYSTEM32\kernel.appcore.dll
0x00007ffb715a0000 - 0x00007ffb715aa000 	C:\Users\Hiep\.p2\pool\plugins\org.eclipse.justj.openjdk.hotspot.jre.full.win32.x86_64_15.0.2.v20210201-0955\jre\bin\jimage.dll
0x00007ffb80a10000 - 0x00007ffb80bf4000 	C:\WINDOWS\SYSTEM32\DBGHELP.DLL
0x00007ffb71a60000 - 0x00007ffb71a8c000 	C:\WINDOWS\SYSTEM32\dbgcore.DLL
0x00007ffb82750000 - 0x00007ffb827d0000 	C:\WINDOWS\System32\bcryptPrimitives.dll
0x00007ffb6a830000 - 0x00007ffb6a855000 	C:\Users\Hiep\.p2\pool\plugins\org.eclipse.justj.openjdk.hotspot.jre.full.win32.x86_64_15.0.2.v20210201-0955\jre\bin\java.dll

dbghelp: loaded successfully - version: 4.0.5 - missing functions: none
symbol engine: initialized successfully - sym options: 0x614 - pdb path: .;C:\Users\Hiep\.p2\pool\plugins\org.eclipse.justj.openjdk.hotspot.jre.full.win32.x86_64_15.0.2.v20210201-0955\jre\bin;C:\WINDOWS\SYSTEM32;C:\WINDOWS\WinSxS\amd64_microsoft.windows.common-controls_6595b64144ccf1df_6.0.19041.844_none_ca00b6081b84eb1d;C:\Users\Hiep\.p2\pool\plugins\org.eclipse.justj.openjdk.hotspot.jre.full.win32.x86_64_15.0.2.v20210201-0955\jre\bin\server

VM Arguments:
jvm_args: -Dfile.encoding=Cp1252 -XX:+ShowCodeDetailsInExceptionMessages 
java_command: hust.soict.cttn.aims.Aims
java_class_path (initial): D:\TTH\app code\Visual Studio\Java\TTH\Lab 10\bin;C:\Users\Hiep\.p2\pool\plugins\org.eclipse.fx.ide.css.jfx8_3.7.0.202010120832.jar;D:\TTH\tool\javafx-sdk-16\lib\javafx.base.jar;D:\TTH\tool\javafx-sdk-16\lib\javafx.controls.jar;D:\TTH\tool\javafx-sdk-16\lib\javafx.fxml.jar;D:\TTH\tool\javafx-sdk-16\lib\javafx.graphics.jar;D:\TTH\tool\javafx-sdk-16\lib\javafx.media.jar;D:\TTH\tool\javafx-sdk-16\lib\javafx.swing.jar;D:\TTH\tool\javafx-sdk-16\lib\javafx.web.jar;D:\TTH\tool\javafx-sdk-16\lib\javafx-swt.jar
Launcher Type: SUN_STANDARD

[Global flags]
     intx CICompilerCount                          = 4                                         {product} {ergonomic}
     uint ConcGCThreads                            = 2                                         {product} {ergonomic}
     uint G1ConcRefinementThreads                  = 8                                         {product} {ergonomic}
   size_t G1HeapRegionSize                         = 1048576                                   {product} {ergonomic}
    uintx GCDrainStackTargetSize                   = 64                                        {product} {ergonomic}
   size_t InitialHeapSize                          = 134217728                                 {product} {ergonomic}
   size_t MarkStackSize                            = 4194304                                   {product} {ergonomic}
   size_t MaxHeapSize                              = 2116026368                                {product} {ergonomic}
   size_t MinHeapDeltaBytes                        = 1048576                                   {product} {ergonomic}
   size_t MinHeapSize                              = 8388608                                   {product} {ergonomic}
    uintx NonNMethodCodeHeapSize                   = 5839372                                {pd product} {ergonomic}
    uintx NonProfiledCodeHeapSize                  = 122909434                              {pd product} {ergonomic}
    uintx ProfiledCodeHeapSize                     = 122909434                              {pd product} {ergonomic}
    uintx ReservedCodeCacheSize                    = 251658240                              {pd product} {ergonomic}
     bool SegmentedCodeCache                       = true                                      {product} {ergonomic}
     bool ShowCodeDetailsInExceptionMessages       = true                                   {manageable} {command line}
   size_t SoftMaxHeapSize                          = 2116026368                             {manageable} {ergonomic}
     bool UseCompressedClassPointers               = true                                 {lp64_product} {ergonomic}
     bool UseCompressedOops                        = true                                 {lp64_product} {ergonomic}
     bool UseG1GC                                  = true                                      {product} {ergonomic}
     bool UseLargePagesIndividualAllocation        = false                                  {pd product} {ergonomic}

Logging:
Log output configuration:
 #0: stdout all=warning uptime,level,tags
 #1: stderr all=off uptime,level,tags

Environment Variables:
JAVA_HOME=C:\Program Files\Java\jdk-14\bin
PATH=C:/Users/Hiep/.p2/pool/plugins/org.eclipse.justj.openjdk.hotspot.jre.full.win32.x86_64_15.0.2.v20210201-0955/jre/bin/server;C:/Users/Hiep/.p2/pool/plugins/org.eclipse.justj.openjdk.hotspot.jre.full.win32.x86_64_15.0.2.v20210201-0955/jre/bin;C:\Program Files\Common Files\Oracle\Java\javapath;C:\Program Files\AdoptOpenJDK\jdk-11.0.10.9-hotspot;C:\Program Files (x86)\VMware\VMware Workstation\bin\;C:\ProgramData\Anaconda3;C:\ProgramData\Anaconda3\Library\mingw-w64\bin;C:\ProgramData\Anaconda3\Library\usr\bin;C:\ProgramData\Anaconda3\Library\bin;C:\ProgramData\Anaconda3\Scripts;C:\Program Files\Java\jdk-14\bin;C:\Program Files\Calibre2\;C:\Program Files\Microsoft Network Monitor 3\;C:\Program Files\mingw-w64\x86_64-8.1.0-posix-seh-rt_v6-rev0\mingw64\bin;C:\WINDOWS\system32\WindowsPowerShell\v1.0\powershell.exe;D:\Git\cmd;C:\Program Files\AdoptOpenJDK\jdk-11.0.10.9-hotspot\bin;;C:\WINDOWS\system32;C:\WINDOWS;C:\WINDOWS\System32\Wbem;C:\WINDOWS\System32\WindowsPowerShell\v1.0\;C:\WINDOWS\System32\OpenSSH\;C:\Users\Hiep\AppData\Local\Programs\Python\Python38-32\Scripts\;C:\Users\Hiep\AppData\Local\Programs\Python\Python38-32\;C:\Users\Hiep\AppData\Local\Microsoft\WindowsApps;C:\Users\Hiep\AppData\Local\Programs\Microsoft VS Code\bin;C:\Program Files (x86)\CodeBlocks\MinGW\bin;C:\Program Files\JetBrains\PyCharm 2020.2.3\bin;;;C:\Users\Hiep;
USERNAME=Hiep
OS=Windows_NT
PROCESSOR_IDENTIFIER=Intel64 Family 6 Model 142 Stepping 12, GenuineIntel



---------------  S Y S T E M  ---------------

OS:
 Windows 10 , 64 bit Build 19041 (10.0.19041.928)
OS uptime: 3 days 7:19 hours

CPU: total 8 (initial active 8) (4 cores per cpu, 2 threads per core) family 6 model 142 stepping 12 microcode 0xca, cmov, cx8, fxsr, mmx, sse, sse2, sse3, ssse3, sse4.1, sse4.2, popcnt, vzeroupper, avx, avx2, aes, clmul, erms, 3dnowpref, lzcnt, ht, tsc, tscinvbit, bmi1, bmi2, adx, fma, clflush, clflushopt

Memory: 4k page, system-wide physical 8068M (697M free)
TotalPageFile size 21492M (AvailPageFile size 7M)
current process WorkingSet (physical memory assigned to process): 10M, peak: 10M
current process commit charge ("private bytes"): 60M, peak: 188M

vm_info: OpenJDK 64-Bit Server VM (15.0.2+7-27) for windows-amd64 JRE (15.0.2+7-27), built on Dec  7 2020 20:02:38 by "mach5one" with unknown MS VC++:1925

END.
